#
# A fatal error has been detected by the Java Runtime Environment:
#
#  SIGSEGV (0xb) at pc=0x0000000000001800, pid=10735, tid=140210951067392
#
# JRE version: 7.0_07-b10
# Java VM: Java HotSpot(TM) 64-Bit Server VM (23.3-b01 mixed mode linux-amd64 compressed oops)
# Problematic frame:
# C  0x0000000000001800
[error occurred during error reporting (printing problematic frame), id 0xb]

# Failed to write core dump. Core dumps have been disabled. To enable core dumping, try "ulimit -c unlimited" before starting Java again
#
# If you would like to submit a bug report, please visit:
#   http://bugreport.sun.com/bugreport/crash.jsp
# The crash happened outside the Java Virtual Machine in native code.
# See problematic frame for where to report the bug.
#

---------------  T H R E A D  ---------------

Current thread (0x00007f8560009000):  JavaThread "main" [_thread_in_native, id=10736, stack(0x00007f8567de9000,0x00007f8567eea000)]

siginfo:si_signo=SIGSEGV: si_errno=0, si_code=1 (SEGV_MAPERR), si_addr=0x0000000000001800

Registers:
RAX=0x0000000000000000, RBX=0x00007f851b0d2be8, RCX=0x00007f85601b7700, RDX=0x00007f85601b7700
RSP=0x00007f8567ee8048, RBP=0x0000000000000024, RSI=0x00007ffc8e461668, RDI=0x0000000000000024
R8 =0x00007f856032bac0, R9 =0x000000000000002f, R10=0x00007f851fcd6ff0, R11=0x00007f8560338808
R12=0x00007ffc8e461668, R13=0x00007f85601b7700, R14=0x00007f851b0d2bf0, R15=0x0000000000000000
RIP=0x0000000000001800, EFLAGS=0x0000000000010246, CSGSFS=0x0000000000000033, ERR=0x0000000000000014
  TRAPNO=0x000000000000000e

Top of Stack: (sp=0x00007f8567ee8048)
0x00007f8567ee8048:   00007f8567d034ea 0000000000000025
0x00007f8567ee8058:   0000000000000024 00007ffc8e461668
0x00007f8567ee8068:   00007f85601b7700 00007f8560338550
0x00007f8567ee8078:   00007f8567d035fb 0001000100010001
0x00007f8567ee8088:   0000000000000000 00007f8567ee8260
0x00007f8567ee8098:   0000000000000003 000000000000002d
0x00007f8567ee80a8:   0000000000000001 000000000000002d
0x00007f8567ee80b8:   00007f8567d08712 00007f8560338550
0x00007f8567ee80c8:   00007f8560329a30 00007f85603351f0
0x00007f8567ee80d8:   00007f8560334490 00007f8560335fa0
0x00007f8567ee80e8:   00007f8560336450 00007f8560336900
0x00007f8567ee80f8:   00007f8560336db0 00007f85603213e0
0x00007f8567ee8108:   00007f8560321890 00007f8560321d40
0x00007f8567ee8118:   00007f8560333fe0 00007f85603226a0
0x00007f8567ee8128:   00007f85603221f0 00007f8560331e70
0x00007f8567ee8138:   00007f8560333b30 00007f8560331680
0x00007f8567ee8148:   00007f85603327d0 00007f8560332c80
0x00007f8567ee8158:   00007f8560333130 00007f856032c4d0
0x00007f8567ee8168:   00007f856032c980 00007f856032ce30
0x00007f8567ee8178:   00007f856032d360 00007f8560332320
0x00007f8567ee8188:   00007f856032c020 00007f856032d990
0x00007f8567ee8198:   00007f856032ed00 00007f856032f1b0
0x00007f8567ee81a8:   00007f856032f660 00007f8567ee8260
0x00007f8567ee81b8:   00007f8567d0847c 00007f8560325440
0x00007f8567ee81c8:   00007f8567ee80c0 00007f8567ee81c0
0x00007f8567ee81d8:   00007f8500000001 8000000160327170
0x00007f8567ee81e8:   00007f8567f1a140 00007f8567ee83f0
0x00007f8567ee81f8:   00007f8560338550 000000000000001d
0x00007f8567ee8208:   0000000000000001 00007f8560320001
0x00007f8567ee8218:   00007f8560333130 00007f850000002d
0x00007f8567ee8228:   0000000000000001 0101010101010101
0x00007f8567ee8238:   0000000000000000 0000000080000001 

Instructions: (pc=0x0000000000001800)
0x00000000000017e0:   
[error occurred during error reporting (printing registers, top of stack, instructions near pc), id 0xb]

Register to memory mapping:

RAX=0x0000000000000000 is an unknown value
RBX=0x00007f851b0d2be8: <offset 0x26ebe8> in /lib/x86_64-linux-gnu/libpcre.so.3 at 0x00007f851ae64000
RCX=0x00007f85601b7700 is an unknown value
RDX=0x00007f85601b7700 is an unknown value
RSP=0x00007f8567ee8048 is pointing into the stack for thread: 0x00007f8560009000
RBP=0x0000000000000024 is an unknown value
RSI=0x00007ffc8e461668 is an unknown value
RDI=0x0000000000000024 is an unknown value
R8 =0x00007f856032bac0 is an unknown value
R9 =0x000000000000002f is an unknown value
R10=0x00007f851fcd6ff0: <offset 0x2b0ff0> in /usr/lib/x86_64-linux-gnu/libgdk-x11-2.0.so.0 at 0x00007f851fa26000
R11=0x00007f8560338808 is an unknown value
R12=0x00007ffc8e461668 is an unknown value
R13=0x00007f85601b7700 is an unknown value
R14=0x00007f851b0d2bf0: <offset 0x26ebf0> in /lib/x86_64-linux-gnu/libpcre.so.3 at 0x00007f851ae64000
R15=0x0000000000000000 is an unknown value


Stack: [0x00007f8567de9000,0x00007f8567eea000],  sp=0x00007f8567ee8048,  free space=1020k
Native frames: (J=compiled Java code, j=interpreted, Vv=VM code, C=native code)
C  0x0000000000001800
[error occurred during error reporting (printing native stack), id 0xb]

Java frames: (J=compiled Java code, j=interpreted, Vv=VM code)
j  org.eclipse.equinox.launcher.JNIBridge._show_splash(Ljava/lang/String;)V+0
j  org.eclipse.equinox.launcher.JNIBridge.showSplash(Ljava/lang/String;)Z+2
j  org.eclipse.equinox.launcher.Main.handleSplash([Ljava/net/URL;)V+157
j  org.eclipse.equinox.launcher.Main.basicRun([Ljava/lang/String;)V+150
j  org.eclipse.equinox.launcher.Main.run([Ljava/lang/String;)I+4
j  org.eclipse.equinox.launcher.Main.main([Ljava/lang/String;)V+10
v  ~StubRoutines::call_stub

---------------  P R O C E S S  ---------------

Java Threads: ( => current thread )
  0x00007f85601fb800 JavaThread "Service Thread" daemon [_thread_blocked, id=10749, stack(0x00007f854c316000,0x00007f854c417000)]
  0x00007f85601f9000 JavaThread "C2 CompilerThread1" daemon [_thread_blocked, id=10748, stack(0x00007f854c417000,0x00007f854c518000)]
  0x00007f85601f6000 JavaThread "C2 CompilerThread0" daemon [_thread_blocked, id=10747, stack(0x00007f854c518000,0x00007f854c619000)]
  0x00007f85601f4000 JavaThread "Signal Dispatcher" daemon [_thread_blocked, id=10746, stack(0x00007f854c619000,0x00007f854c71a000)]
  0x00007f85601a7000 JavaThread "Finalizer" daemon [_thread_blocked, id=10745, stack(0x00007f854c9f2000,0x00007f854caf3000)]
  0x00007f85601a4800 JavaThread "Reference Handler" daemon [_thread_blocked, id=10744, stack(0x00007f854caf3000,0x00007f854cbf4000)]
=>0x00007f8560009000 JavaThread "main" [_thread_in_native, id=10736, stack(0x00007f8567de9000,0x00007f8567eea000)]

Other Threads:
  0x00007f856019d000 VMThread [stack: 0x00007f854cbf4000,0x00007f854ccf5000] [id=10743]
  0x00007f8560206000 WatcherThread [stack: 0x00007f854c215000,0x00007f854c316000] [id=10750]

VM state:not at safepoint (normal execution)

VM Mutex/Monitor currently owned by a thread: None

Heap
 PSYoungGen      total 23872K, used 2474K [0x00000000eaab0000, 0x00000000ec550000, 0x0000000100000000)
  eden space 20480K, 12% used [0x00000000eaab0000,0x00000000ead1ab60,0x00000000ebeb0000)
  from space 3392K, 0% used [0x00000000ec200000,0x00000000ec200000,0x00000000ec550000)
  to   space 3392K, 0% used [0x00000000ebeb0000,0x00000000ebeb0000,0x00000000ec200000)
 ParOldGen       total 54656K, used 0K [0x00000000c0000000, 0x00000000c3560000, 0x00000000eaab0000)
  object space 54656K, 0% used [0x00000000c0000000,0x00000000c0000000,0x00000000c3560000)
 PSPermGen       total 21248K, used 5190K [0x00000000b0000000, 0x00000000b14c0000, 0x00000000c0000000)
  object space 21248K, 24% used [0x00000000b0000000,0x00000000b0511950,0x00000000b14c0000)

Card table byte_map: [0x00007f8564fa8000,0x00007f8565229000] byte_map_base: 0x00007f8564a28000

Polling page: 0x00007f8567f15000

Code Cache  [0x00007f855d000000, 0x00007f855d270000, 0x00007f8560000000)
 total_blobs=249 nmethods=15 adapters=186 free_code_cache=48715Kb largest_free_block=49862272

Compilation events (10 events):
Event: 0.193 Thread 0x00007f85601f6000   11             java.lang.String::charAt (29 bytes)
Event: 0.194 Thread 0x00007f85601f6000 nmethod 11 0x00007f855d064d10 code [0x00007f855d064e60, 0x00007f855d064ef8]
Event: 0.197 Thread 0x00007f85601f9000   12             java.lang.Object::<init> (1 bytes)
Event: 0.198 Thread 0x00007f85601f9000 nmethod 12 0x00007f855d066c90 code [0x00007f855d066dc0, 0x00007f855d066e38]
Event: 0.225 Thread 0x00007f85601f6000   13             sun.nio.cs.UTF_8$Decoder::decode (640 bytes)
Event: 0.233 Thread 0x00007f85601f9000   14             java.lang.String::equals (81 bytes)
Event: 0.237 Thread 0x00007f85601f9000 nmethod 14 0x00007f855d068810 code [0x00007f855d068960, 0x00007f855d068bb8]
Event: 0.242 Thread 0x00007f85601f9000   15             sun.nio.cs.UTF_8$Encoder::encode (361 bytes)
Event: 0.244 Thread 0x00007f85601f6000 nmethod 13 0x00007f855d070810 code [0x00007f855d070b00, 0x00007f855d0718b0]
Event: 0.252 Thread 0x00007f85601f9000 nmethod 15 0x00007f855d067e50 code [0x00007f855d067fc0, 0x00007f855d0684c8]

GC Heap History (0 events):
No events

Deoptimization events (2 events):
Event: 0.194 Thread 0x00007f8560009000 Uncommon trap -34 fr.pc 0x00007f855d063c00
Event: 0.194 Thread 0x00007f8560009000 Uncommon trap -34 fr.pc 0x00007f855d063c00

Internal exceptions (10 events):
Event: 0.185 Thread 0x00007f8560009000 Threw 0x00000000eac1b288 at /HUDSON/workspace/jdk7u7-2-build-linux-amd64-product/jdk7u7/hotspot/src/share/vm/prims/jvm.cpp:1166
Event: 0.189 Thread 0x00007f8560009000 Threw 0x00000000eac209e0 at /HUDSON/workspace/jdk7u7-2-build-linux-amd64-product/jdk7u7/hotspot/src/share/vm/prims/jvm.cpp:1166
Event: 0.216 Thread 0x00007f8560009000 Threw 0x00000000eac73b80 at /HUDSON/workspace/jdk7u7-2-build-linux-amd64-product/jdk7u7/hotspot/src/share/vm/prims/jvm.cpp:1166
Event: 0.216 Thread 0x00007f8560009000 Threw 0x00000000eac73ca8 at /HUDSON/workspace/jdk7u7-2-build-linux-amd64-product/jdk7u7/hotspot/src/share/vm/prims/jvm.cpp:1166
Event: 0.216 Thread 0x00007f8560009000 Threw 0x00000000eac75d20 at /HUDSON/workspace/jdk7u7-2-build-linux-amd64-product/jdk7u7/hotspot/src/share/vm/prims/jvm.cpp:1166
Event: 0.216 Thread 0x00007f8560009000 Threw 0x00000000eac75e48 at /HUDSON/workspace/jdk7u7-2-build-linux-amd64-product/jdk7u7/hotspot/src/share/vm/prims/jvm.cpp:1166
Event: 0.224 Thread 0x00007f8560009000 Threw 0x00000000eac82708 at /HUDSON/workspace/jdk7u7-2-build-linux-amd64-product/jdk7u7/hotspot/src/share/vm/prims/jni.cpp:716
Event: 0.231 Thread 0x00007f8560009000 Threw 0x00000000eacbfb58 at /HUDSON/workspace/jdk7u7-2-build-linux-amd64-product/jdk7u7/hotspot/src/share/vm/prims/jvm.cpp:1166
Event: 0.233 Thread 0x00007f8560009000 Threw 0x00000000eacc3df0 at /HUDSON/workspace/jdk7u7-2-build-linux-amd64-product/jdk7u7/hotspot/src/share/vm/prims/jvm.cpp:1166
Event: 0.242 Thread 0x00007f8560009000 Threw 0x00000000eacf5de0 at /HUDSON/workspace/jdk7u7-2-build-linux-amd64-product/jdk7u7/hotspot/src/share/vm/prims/nativeLookup.cpp

Events (10 events):
Event: 0.235 loading class 0x00007f85601b4430
Event: 0.235 loading class 0x00007f85601b4430 done
Event: 0.235 loading class 0x00007f8560352d30
Event: 0.235 loading class 0x00007f8560352d30 done
Event: 0.235 loading class 0x00007f8560056870
Event: 0.235 loading class 0x00007f8560056870 done
Event: 0.236 loading class 0x00007f8560353370
Event: 0.236 loading class 0x00007f8560353370 done
Event: 0.236 loading class 0x00007f8560093300
Event: 0.236 loading class 0x00007f8560093300 done


Dynamic libraries:
00400000-00401000 r-xp 00000000 08:17 26740918                           /usr/local/cuda-8.0/jre/bin/java
00600000-00601000 rw-p 00000000 08:17 26740918                           /usr/local/cuda-8.0/jre/bin/java
013c8000-013e9000 rw-p 00000000 00:00 0                                  [heap]
b0000000-b14c0000 rw-p 00000000 00:00 0 
b14c0000-c0000000 rw-p 00000000 00:00 0 
c0000000-c3560000 rw-p 00000000 00:00 0 
c3560000-eaab0000 rw-p 00000000 00:00 0 
eaab0000-ec550000 rw-p 00000000 00:00 0 
ec550000-100000000 rw-p 00000000 00:00 0 
7f8519c41000-7f8519c57000 r-xp 00000000 08:17 18350885                   /lib/x86_64-linux-gnu/libgcc_s.so.1
7f8519c57000-7f8519e56000 ---p 00016000 08:17 18350885                   /lib/x86_64-linux-gnu/libgcc_s.so.1
7f8519e56000-7f8519e57000 r--p 00015000 08:17 18350885                   /lib/x86_64-linux-gnu/libgcc_s.so.1
7f8519e57000-7f8519e58000 rw-p 00016000 08:17 18350885                   /lib/x86_64-linux-gnu/libgcc_s.so.1
7f8519e58000-7f8519f5e000 r-xp 00000000 08:17 22950455                   /usr/lib/x86_64-linux-gnu/libstdc++.so.6.0.22
7f8519f5e000-7f851a15d000 ---p 00106000 08:17 22950455                   /usr/lib/x86_64-linux-gnu/libstdc++.so.6.0.22
7f851a15d000-7f851a165000 r--p 00105000 08:17 22950455                   /usr/lib/x86_64-linux-gnu/libstdc++.so.6.0.22
7f851a165000-7f851a167000 rw-p 0010d000 08:17 22950455                   /usr/lib/x86_64-linux-gnu/libstdc++.so.6.0.22
7f851a167000-7f851a16a000 rw-p 00000000 00:00 0 
7f851a3d0000-7f851a3f3000 r-xp 00000000 08:17 22946329                   /usr/lib/x86_64-linux-gnu/libgraphite2.so.3.0.1
7f851a3f3000-7f851a5f2000 ---p 00023000 08:17 22946329                   /usr/lib/x86_64-linux-gnu/libgraphite2.so.3.0.1
7f851a5f2000-7f851a5f4000 r--p 00022000 08:17 22946329                   /usr/lib/x86_64-linux-gnu/libgraphite2.so.3.0.1
7f851a5f4000-7f851a5f5000 rw-p 00024000 08:17 22946329                   /usr/lib/x86_64-linux-gnu/libgraphite2.so.3.0.1
7f851a5f5000-7f851a5fa000 r-xp 00000000 08:17 22938313                   /usr/lib/x86_64-linux-gnu/libXdmcp.so.6.0.0
7f851a5fa000-7f851a7f9000 ---p 00005000 08:17 22938313                   /usr/lib/x86_64-linux-gnu/libXdmcp.so.6.0.0
7f851a7f9000-7f851a7fa000 r--p 00004000 08:17 22938313                   /usr/lib/x86_64-linux-gnu/libXdmcp.so.6.0.0
7f851a7fa000-7f851a7fb000 rw-p 00005000 08:17 22938313                   /usr/lib/x86_64-linux-gnu/libXdmcp.so.6.0.0
7f851a7fb000-7f851a7fd000 r-xp 00000000 08:17 22945296                   /usr/lib/x86_64-linux-gnu/libXau.so.6.0.0
7f851a7fd000-7f851a9fd000 ---p 00002000 08:17 22945296                   /usr/lib/x86_64-linux-gnu/libXau.so.6.0.0
7f851a9fd000-7f851a9fe000 r--p 00002000 08:17 22945296                   /usr/lib/x86_64-linux-gnu/libXau.so.6.0.0
7f851a9fe000-7f851a9ff000 rw-p 00003000 08:17 22945296                   /usr/lib/x86_64-linux-gnu/libXau.so.6.0.0
7f851a9ff000-7f851aa05000 r-xp 00000000 08:17 22945499                   /usr/lib/x86_64-linux-gnu/libdatrie.so.1.3.1
7f851aa05000-7f851ac04000 ---p 00006000 08:17 22945499                   /usr/lib/x86_64-linux-gnu/libdatrie.so.1.3.1
7f851ac04000-7f851ac05000 r--p 00005000 08:17 22945499                   /usr/lib/x86_64-linux-gnu/libdatrie.so.1.3.1
7f851ac05000-7f851ac06000 rw-p 00006000 08:17 22945499                   /usr/lib/x86_64-linux-gnu/libdatrie.so.1.3.1
7f851ac06000-7f851ac62000 r-xp 00000000 08:17 22946032                   /usr/lib/x86_64-linux-gnu/libharfbuzz.so.0.10000.1
7f851ac62000-7f851ae62000 ---p 0005c000 08:17 22946032                   /usr/lib/x86_64-linux-gnu/libharfbuzz.so.0.10000.1
7f851ae62000-7f851ae63000 r--p 0005c000 08:17 22946032                   /usr/lib/x86_64-linux-gnu/libharfbuzz.so.0.10000.1
7f851ae63000-7f851ae64000 rw-p 0005d000 08:17 22946032                   /usr/lib/x86_64-linux-gnu/libharfbuzz.so.0.10000.1
7f851ae64000-7f851aed2000 r-xp 00000000 08:17 18350154                   /lib/x86_64-linux-gnu/libpcre.so.3.13.2
7f851aed2000-7f851b0d2000 ---p 0006e000 08:17 18350154                   /lib/x86_64-linux-gnu/libpcre.so.3.13.2
7f851b0d2000-7f851b0d4000 rw-p 0006e000 08:17 18350154                   /lib/x86_64-linux-gnu/libpcre.so.3.13.2
7f851b0d4000-7f851b0db000 r-xp 00000000 08:17 22941551                   /usr/lib/x86_64-linux-gnu/libffi.so.6.0.4
7f851b0db000-7f851b2da000 ---p 00007000 08:17 22941551                   /usr/lib/x86_64-linux-gnu/libffi.so.6.0.4
7f851b2da000-7f851b2dc000 rw-p 00006000 08:17 22941551                   /usr/lib/x86_64-linux-gnu/libffi.so.6.0.4
7f851b2dc000-7f851b2f3000 r-xp 00000000 08:17 18353433                   /lib/x86_64-linux-gnu/libresolv-2.23.so
7f851b2f3000-7f851b4f3000 ---p 00017000 08:17 18353433                   /lib/x86_64-linux-gnu/libresolv-2.23.so
7f851b4f3000-7f851b4f5000 rw-p 00017000 08:17 18353433                   /lib/x86_64-linux-gnu/libresolv-2.23.so
7f851b4f5000-7f851b4f7000 rw-p 00000000 00:00 0 
7f851b4f7000-7f851b516000 r-xp 00000000 08:17 18353565                   /lib/x86_64-linux-gnu/libselinux.so.1
7f851b516000-7f851b715000 ---p 0001f000 08:17 18353565                   /lib/x86_64-linux-gnu/libselinux.so.1
7f851b715000-7f851b717000 rw-p 0001e000 08:17 18353565                   /lib/x86_64-linux-gnu/libselinux.so.1
7f851b717000-7f851b719000 rw-p 00000000 00:00 0 
7f851b719000-7f851b732000 r-xp 00000000 08:17 18353739                   /lib/x86_64-linux-gnu/libz.so.1.2.8
7f851b732000-7f851b931000 ---p 00019000 08:17 18353739                   /lib/x86_64-linux-gnu/libz.so.1.2.8
7f851b931000-7f851b933000 rw-p 00018000 08:17 18353739                   /lib/x86_64-linux-gnu/libz.so.1.2.8
7f851b933000-7f851b936000 r-xp 00000000 08:17 22942912                   /usr/lib/x86_64-linux-gnu/libgmodule-2.0.so.0.4800.1
7f851b936000-7f851bb35000 ---p 00003000 08:17 22942912                   /usr/lib/x86_64-linux-gnu/libgmodule-2.0.so.0.4800.1
7f851bb35000-7f851bb37000 rw-p 00002000 08:17 22942912                   /usr/lib/x86_64-linux-gnu/libgmodule-2.0.so.0.4800.1
7f851bbc8000-7f851bbe9000 r-xp 00000000 08:17 22939974                   /usr/lib/x86_64-linux-gnu/libxcb.so.1.1.0
7f851bbe9000-7f851bde8000 ---p 00021000 08:17 22939974                   /usr/lib/x86_64-linux-gnu/libxcb.so.1.1.0
7f851bde8000-7f851bde9000 r--p 00020000 08:17 22939974                   /usr/lib/x86_64-linux-gnu/libxcb.so.1.1.0
7f851bde9000-7f851bdea000 rw-p 00021000 08:17 22939974                   /usr/lib/x86_64-linux-gnu/libxcb.so.1.1.0
7f851bdea000-7f851bdf2000 r-xp 00000000 08:17 22944352                   /usr/lib/x86_64-linux-gnu/libxcb-render.so.0.0.0
7f851bdf2000-7f851bff2000 ---p 00008000 08:17 22944352                   /usr/lib/x86_64-linux-gnu/libxcb-render.so.0.0.0
7f851bff2000-7f851bff3000 r--p 00008000 08:17 22944352                   /usr/lib/x86_64-linux-gnu/libxcb-render.so.0.0.0
7f851bff3000-7f851bff4000 rw-p 00009000 08:17 22944352                   /usr/lib/x86_64-linux-gnu/libxcb-render.so.0.0.0
7f851bff4000-7f851bff6000 r-xp 00000000 08:17 22946342                   /usr/lib/x86_64-linux-gnu/libxcb-shm.so.0.0.0
7f851bff6000-7f851c1f6000 ---p 00002000 08:17 22946342                   /usr/lib/x86_64-linux-gnu/libxcb-shm.so.0.0.0
7f851c1f6000-7f851c1f7000 r--p 00002000 08:17 22946342                   /usr/lib/x86_64-linux-gnu/libxcb-shm.so.0.0.0
7f851c1f7000-7f851c1f8000 rw-p 00003000 08:17 22946342                   /usr/lib/x86_64-linux-gnu/libxcb-shm.so.0.0.0
7f851c1f8000-7f851c21c000 r-xp 00000000 08:17 18353743                   /lib/x86_64-linux-gnu/libpng12.so.0.54.0
7f851c21c000-7f851c41b000 ---p 00024000 08:17 18353743                   /lib/x86_64-linux-gnu/libpng12.so.0.54.0
7f851c41b000-7f851c41c000 r--p 00023000 08:17 18353743                   /lib/x86_64-linux-gnu/libpng12.so.0.54.0
7f851c41c000-7f851c41d000 rw-p 00024000 08:17 18353743                   /lib/x86_64-linux-gnu/libpng12.so.0.54.0
7f851c41d000-7f851c4bd000 r-xp 00000000 08:17 22938409                   /usr/lib/x86_64-linux-gnu/libpixman-1.so.0.30.2
7f851c4bd000-7f851c6bd000 ---p 000a0000 08:17 22938409                   /usr/lib/x86_64-linux-gnu/libpixman-1.so.0.30.2
7f851c6bd000-7f851c6c4000 r--p 000a0000 08:17 22938409                   /usr/lib/x86_64-linux-gnu/libpixman-1.so.0.30.2
7f851c6c4000-7f851c6c5000 rw-p 000a7000 08:17 22938409                   /usr/lib/x86_64-linux-gnu/libpixman-1.so.0.30.2
7f851c6c5000-7f851c6eb000 r-xp 00000000 08:17 18350148                   /lib/x86_64-linux-gnu/libexpat.so.1.6.0
7f851c6eb000-7f851c8eb000 ---p 00026000 08:17 18350148                   /lib/x86_64-linux-gnu/libexpat.so.1.6.0
7f851c8eb000-7f851c8ed000 r--p 00026000 08:17 18350148                   /lib/x86_64-linux-gnu/libexpat.so.1.6.0
7f851c8ed000-7f851c8ee000 rw-p 00028000 08:17 18350148                   /lib/x86_64-linux-gnu/libexpat.so.1.6.0
7f851c8ee000-7f851c8f6000 r-xp 00000000 08:17 22946222                   /usr/lib/x86_64-linux-gnu/libthai.so.0.2.0
7f851c8f6000-7f851caf5000 ---p 00008000 08:17 22946222                   /usr/lib/x86_64-linux-gnu/libthai.so.0.2.0
7f851caf5000-7f851caf6000 r--p 00007000 08:17 22946222                   /usr/lib/x86_64-linux-gnu/libthai.so.0.2.0
7f851caf6000-7f851caf7000 rw-p 00008000 08:17 22946222                   /usr/lib/x86_64-linux-gnu/libthai.so.0.2.0
7f851caf7000-7f851cb9b000 r-xp 00000000 08:17 22945359                   /usr/lib/x86_64-linux-gnu/libfreetype.so.6.12.1
7f851cb9b000-7f851cd9a000 ---p 000a4000 08:17 22945359                   /usr/lib/x86_64-linux-gnu/libfreetype.so.6.12.1
7f851cd9a000-7f851cda0000 r--p 000a3000 08:17 22945359                   /usr/lib/x86_64-linux-gnu/libfreetype.so.6.12.1
7f851cda0000-7f851cda1000 rw-p 000a9000 08:17 22945359                   /usr/lib/x86_64-linux-gnu/libfreetype.so.6.12.1
7f851cda1000-7f851cdb5000 r-xp 00000000 08:17 22945494                   /usr/lib/x86_64-linux-gnu/libpangoft2-1.0.so.0.3800.1
7f851cdb5000-7f851cfb5000 ---p 00014000 08:17 22945494                   /usr/lib/x86_64-linux-gnu/libpangoft2-1.0.so.0.3800.1
7f851cfb5000-7f851cfb6000 r--p 00014000 08:17 22945494                   /usr/lib/x86_64-linux-gnu/libpangoft2-1.0.so.0.3800.1
7f851cfb6000-7f851cfb7000 rw-p 00015000 08:17 22945494                   /usr/lib/x86_64-linux-gnu/libpangoft2-1.0.so.0.3800.1
7f851cfb7000-7f851cfc8000 r-xp 00000000 08:17 22940165                   /usr/lib/x86_64-linux-gnu/libXext.so.6.4.0
7f851cfc8000-7f851d1c7000 ---p 00011000 08:17 22940165                   /usr/lib/x86_64-linux-gnu/libXext.so.6.4.0
7f851d1c7000-7f851d1c8000 r--p 00010000 08:17 22940165                   /usr/lib/x86_64-linux-gnu/libXext.so.6.4.0
7f851d1c8000-7f851d1c9000 rw-p 00011000 08:17 22940165                   /usr/lib/x86_64-linux-gnu/libXext.so.6.4.0
7f851d1c9000-7f851d2fe000 r-xp 00000000 08:17 22940090                   /usr/lib/x86_64-linux-gnu/libX11.so.6.3.0
7f851d2fe000-7f851d4fe000 ---p 00135000 08:17 22940090                   /usr/lib/x86_64-linux-gnu/libX11.so.6.3.0
7f851d4fe000-7f851d4ff000 r--p 00135000 08:17 22940090                   /usr/lib/x86_64-linux-gnu/libX11.so.6.3.0
7f851d4ff000-7f851d503000 rw-p 00136000 08:17 22940090                   /usr/lib/x86_64-linux-gnu/libX11.so.6.3.0
7f851d503000-7f851d611000 r-xp 00000000 08:17 22945387                   /usr/lib/x86_64-linux-gnu/libcairo.so.2.11400.6
7f851d611000-7f851d811000 ---p 0010e000 08:17 22945387                   /usr/lib/x86_64-linux-gnu/libcairo.so.2.11400.6
7f851d811000-7f851d814000 r--p 0010e000 08:17 22945387                   /usr/lib/x86_64-linux-gnu/libcairo.so.2.11400.6
7f851d814000-7f851d815000 rw-p 00111000 08:17 22945387                   /usr/lib/x86_64-linux-gnu/libcairo.so.2.11400.6
7f851d815000-7f851d817000 rw-p 00000000 00:00 0 
7f851d817000-7f851d81c000 r-xp 00000000 08:17 22942054                   /usr/lib/x86_64-linux-gnu/libXfixes.so.3.1.0
7f851d81c000-7f851da1b000 ---p 00005000 08:17 22942054                   /usr/lib/x86_64-linux-gnu/libXfixes.so.3.1.0
7f851da1b000-7f851da1c000 r--p 00004000 08:17 22942054                   /usr/lib/x86_64-linux-gnu/libXfixes.so.3.1.0
7f851da1c000-7f851da1d000 rw-p 00005000 08:17 22942054                   /usr/lib/x86_64-linux-gnu/libXfixes.so.3.1.0
7f851da1d000-7f851da1f000 r-xp 00000000 08:17 22945305                   /usr/lib/x86_64-linux-gnu/libXdamage.so.1.1.0
7f851da1f000-7f851dc1e000 ---p 00002000 08:17 22945305                   /usr/lib/x86_64-linux-gnu/libXdamage.so.1.1.0
7f851dc1e000-7f851dc1f000 r--p 00001000 08:17 22945305                   /usr/lib/x86_64-linux-gnu/libXdamage.so.1.1.0
7f851dc1f000-7f851dc20000 rw-p 00002000 08:17 22945305                   /usr/lib/x86_64-linux-gnu/libXdamage.so.1.1.0
7f851dc20000-7f851dc22000 r-xp 00000000 08:17 22945301                   /usr/lib/x86_64-linux-gnu/libXcomposite.so.1.0.0
7f851dc22000-7f851de21000 ---p 00002000 08:17 22945301                   /usr/lib/x86_64-linux-gnu/libXcomposite.so.1.0.0
7f851de21000-7f851de22000 r--p 00001000 08:17 22945301                   /usr/lib/x86_64-linux-gnu/libXcomposite.so.1.0.0
7f851de22000-7f851de23000 rw-p 00002000 08:17 22945301                   /usr/lib/x86_64-linux-gnu/libXcomposite.so.1.0.0
7f851de23000-7f851de2c000 r-xp 00000000 08:17 22945303                   /usr/lib/x86_64-linux-gnu/libXcursor.so.1.0.2
7f851de2c000-7f851e02b000 ---p 00009000 08:17 22945303                   /usr/lib/x86_64-linux-gnu/libXcursor.so.1.0.2
7f851e02b000-7f851e02c000 r--p 00008000 08:17 22945303                   /usr/lib/x86_64-linux-gnu/libXcursor.so.1.0.2
7f851e02c000-7f851e02d000 rw-p 00009000 08:17 22945303                   /usr/lib/x86_64-linux-gnu/libXcursor.so.1.0.2
7f851e02d000-7f851e037000 r-xp 00000000 08:17 22941756                   /usr/lib/x86_64-linux-gnu/libXrandr.so.2.2.0
7f851e037000-7f851e236000 ---p 0000a000 08:17 22941756                   /usr/lib/x86_64-linux-gnu/libXrandr.so.2.2.0
7f851e236000-7f851e237000 r--p 00009000 08:17 22941756                   /usr/lib/x86_64-linux-gnu/libXrandr.so.2.2.0
7f851e237000-7f851e238000 rw-p 0000a000 08:17 22941756                   /usr/lib/x86_64-linux-gnu/libXrandr.so.2.2.0
7f851e238000-7f851e247000 r-xp 00000000 08:17 22949810                   /usr/lib/x86_64-linux-gnu/libXi.so.6.1.0
7f851e247000-7f851e446000 ---p 0000f000 08:17 22949810                   /usr/lib/x86_64-linux-gnu/libXi.so.6.1.0
7f851e446000-7f851e447000 r--p 0000e000 08:17 22949810                   /usr/lib/x86_64-linux-gnu/libXi.so.6.1.0
7f851e447000-7f851e448000 rw-p 0000f000 08:17 22949810                   /usr/lib/x86_64-linux-gnu/libXi.so.6.1.0
7f851e448000-7f851e44a000 r-xp 00000000 08:17 22945319                   /usr/lib/x86_64-linux-gnu/libXinerama.so.1.0.0
7f851e44a000-7f851e649000 ---p 00002000 08:17 22945319                   /usr/lib/x86_64-linux-gnu/libXinerama.so.1.0.0
7f851e649000-7f851e64a000 r--p 00001000 08:17 22945319                   /usr/lib/x86_64-linux-gnu/libXinerama.so.1.0.0
7f851e64a000-7f851e64b000 rw-p 00002000 08:17 22945319                   /usr/lib/x86_64-linux-gnu/libXinerama.so.1.0.0
7f851e64b000-7f851e688000 r-xp 00000000 08:17 22938274                   /usr/lib/x86_64-linux-gnu/libfontconfig.so.1.9.0
7f851e688000-7f851e887000 ---p 0003d000 08:17 22938274                   /usr/lib/x86_64-linux-gnu/libfontconfig.so.1.9.0
7f851e887000-7f851e889000 r--p 0003c000 08:17 22938274                   /usr/lib/x86_64-linux-gnu/libfontconfig.so.1.9.0
7f851e889000-7f851e88e000 rw-p 0003e000 08:17 22938274                   /usr/lib/x86_64-linux-gnu/libfontconfig.so.1.9.0
7f851e88e000-7f851e99d000 r-xp 00000000 08:17 18353567                   /lib/x86_64-linux-gnu/libglib-2.0.so.0.4800.1
7f851e99d000-7f851eb9c000 ---p 0010f000 08:17 18353567                   /lib/x86_64-linux-gnu/libglib-2.0.so.0.4800.1
7f851eb9c000-7f851eb9e000 rw-p 0010e000 08:17 18353567                   /lib/x86_64-linux-gnu/libglib-2.0.so.0.4800.1
7f851eb9e000-7f851eb9f000 rw-p 00000000 00:00 0 
7f851eb9f000-7f851ebf1000 r-xp 00000000 08:17 22942914                   /usr/lib/x86_64-linux-gnu/libgobject-2.0.so.0.4800.1
7f851ebf1000-7f851edf0000 ---p 00052000 08:17 22942914                   /usr/lib/x86_64-linux-gnu/libgobject-2.0.so.0.4800.1
7f851edf0000-7f851edf2000 rw-p 00051000 08:17 22942914                   /usr/lib/x86_64-linux-gnu/libgobject-2.0.so.0.4800.1
7f851edf2000-7f851ef72000 r-xp 00000000 08:17 22942913                   /usr/lib/x86_64-linux-gnu/libgio-2.0.so.0.4800.1
7f851ef72000-7f851f172000 ---p 00180000 08:17 22942913                   /usr/lib/x86_64-linux-gnu/libgio-2.0.so.0.4800.1
7f851f172000-7f851f178000 rw-p 00180000 08:17 22942913                   /usr/lib/x86_64-linux-gnu/libgio-2.0.so.0.4800.1
7f851f178000-7f851f17a000 rw-p 00000000 00:00 0 
7f851f1a1000-7f851f1aa000 r-xp 00000000 08:17 22946351                   /usr/lib/x86_64-linux-gnu/libXrender.so.1.3.0
7f851f1aa000-7f851f3a9000 ---p 00009000 08:17 22946351                   /usr/lib/x86_64-linux-gnu/libXrender.so.1.3.0
7f851f3a9000-7f851f3aa000 r--p 00008000 08:17 22946351                   /usr/lib/x86_64-linux-gnu/libXrender.so.1.3.0
7f851f3aa000-7f851f3ab000 rw-p 00009000 08:17 22946351                   /usr/lib/x86_64-linux-gnu/libXrender.so.1.3.0
7f851f3ab000-7f851f3cc000 r-xp 00000000 08:17 22944109                   /usr/lib/x86_64-linux-gnu/libgdk_pixbuf-2.0.so.0.3200.2
7f851f3cc000-7f851f5cb000 ---p 00021000 08:17 22944109                   /usr/lib/x86_64-linux-gnu/libgdk_pixbuf-2.0.so.0.3200.2
7f851f5cb000-7f851f5cc000 r--p 00020000 08:17 22944109                   /usr/lib/x86_64-linux-gnu/libgdk_pixbuf-2.0.so.0.3200.2
7f851f5cc000-7f851f5cd000 rw-p 00021000 08:17 22944109                   /usr/lib/x86_64-linux-gnu/libgdk_pixbuf-2.0.so.0.3200.2
7f851f5cd000-7f851f616000 r-xp 00000000 08:17 22952059                   /usr/lib/x86_64-linux-gnu/libpango-1.0.so.0.3800.1
7f851f616000-7f851f816000 ---p 00049000 08:17 22952059                   /usr/lib/x86_64-linux-gnu/libpango-1.0.so.0.3800.1
7f851f816000-7f851f818000 r--p 00049000 08:17 22952059                   /usr/lib/x86_64-linux-gnu/libpango-1.0.so.0.3800.1
7f851f818000-7f851f819000 rw-p 0004b000 08:17 22952059                   /usr/lib/x86_64-linux-gnu/libpango-1.0.so.0.3800.1
7f851f819000-7f851f825000 r-xp 00000000 08:17 22946030                   /usr/lib/x86_64-linux-gnu/libpangocairo-1.0.so.0.3800.1
7f851f825000-7f851fa24000 ---p 0000c000 08:17 22946030                   /usr/lib/x86_64-linux-gnu/libpangocairo-1.0.so.0.3800.1
7f851fa24000-7f851fa25000 r--p 0000b000 08:17 22946030                   /usr/lib/x86_64-linux-gnu/libpangocairo-1.0.so.0.3800.1
7f851fa25000-7f851fa26000 rw-p 0000c000 08:17 22946030                   /usr/lib/x86_64-linux-gnu/libpangocairo-1.0.so.0.3800.1
7f851fa26000-7f851fad3000 r-xp 00000000 08:17 22944738                   /usr/lib/x86_64-linux-gnu/libgdk-x11-2.0.so.0.2400.23
7f851fad3000-7f851fcd3000 ---p 000ad000 08:17 22944738                   /usr/lib/x86_64-linux-gnu/libgdk-x11-2.0.so.0.2400.23
7f851fcd3000-7f851fcd7000 r--p 000ad000 08:17 22944738                   /usr/lib/x86_64-linux-gnu/libgdk-x11-2.0.so.0.2400.23
7f851fcd7000-7f851fcd9000 rw-p 000b1000 08:17 22944738                   /usr/lib/x86_64-linux-gnu/libgdk-x11-2.0.so.0.2400.23
7f851fcd9000-7f851fce8000 r-xp 00000000 08:17 23476081                   /usr/local/cuda-8.0/libnsight/plugins/org.eclipse.equinox.launcher.gtk.linux.x86_64_1.1.200.v20140603-1326/eclipse_1605.so
7f851fce8000-7f851fde8000 ---p 0000f000 08:17 23476081                   /usr/local/cuda-8.0/libnsight/plugins/org.eclipse.equinox.launcher.gtk.linux.x86_64_1.1.200.v20140603-1326/eclipse_1605.so
7f851fde8000-7f851fdea000 rw-p 0000f000 08:17 23476081                   /usr/local/cuda-8.0/libnsight/plugins/org.eclipse.equinox.launcher.gtk.linux.x86_64_1.1.200.v20140603-1326/eclipse_1605.so
7f851fdea000-7f851fdff000 r-xp 00000000 08:17 26741925                   /usr/local/cuda-8.0/jre/lib/amd64/libnet.so
7f851fdff000-7f851ffff000 ---p 00015000 08:17 26741925                   /usr/local/cuda-8.0/jre/lib/amd64/libnet.so
7f851ffff000-7f8520000000 rw-p 00015000 08:17 26741925                   /usr/local/cuda-8.0/jre/lib/amd64/libnet.so
7f8520000000-7f8520021000 rw-p 00000000 00:00 0 
7f8520021000-7f8524000000 ---p 00000000 00:00 0 
7f8524000000-7f8524021000 rw-p 00000000 00:00 0 
7f8524021000-7f8528000000 ---p 00000000 00:00 0 
7f8528000000-7f8528167000 rw-p 00000000 00:00 0 
7f8528167000-7f852c000000 ---p 00000000 00:00 0 
7f852c000000-7f852c174000 rw-p 00000000 00:00 0 
7f852c174000-7f8530000000 ---p 00000000 00:00 0 
7f8530000000-7f8530021000 rw-p 00000000 00:00 0 
7f8530021000-7f8534000000 ---p 00000000 00:00 0 
7f8534000000-7f8534021000 rw-p 00000000 00:00 0 
7f8534021000-7f8538000000 ---p 00000000 00:00 0 
7f8538000000-7f8538021000 rw-p 00000000 00:00 0 
7f8538021000-7f853c000000 ---p 00000000 00:00 0 
7f853c000000-7f853c021000 rw-p 00000000 00:00 0 
7f853c021000-7f8540000000 ---p 00000000 00:00 0 
7f8540000000-7f8540021000 rw-p 00000000 00:00 0 
7f8540021000-7f8544000000 ---p 00000000 00:00 0 
7f8544000000-7f8544021000 rw-p 00000000 00:00 0 
7f8544021000-7f8548000000 ---p 00000000 00:00 0 
7f8548000000-7f8548021000 rw-p 00000000 00:00 0 
7f8548021000-7f854c000000 ---p 00000000 00:00 0 
7f854c004000-7f854c014000 r-xp 00000000 08:17 26741954                   /usr/local/cuda-8.0/jre/lib/amd64/libnio.so
7f854c014000-7f854c214000 ---p 00010000 08:17 26741954                   /usr/local/cuda-8.0/jre/lib/amd64/libnio.so
7f854c214000-7f854c215000 rw-p 00010000 08:17 26741954                   /usr/local/cuda-8.0/jre/lib/amd64/libnio.so
7f854c215000-7f854c216000 ---p 00000000 00:00 0 
7f854c216000-7f854c316000 rw-p 00000000 00:00 0 
7f854c316000-7f854c319000 ---p 00000000 00:00 0 
7f854c319000-7f854c417000 rw-p 00000000 00:00 0 
7f854c417000-7f854c41a000 ---p 00000000 00:00 0 
7f854c41a000-7f854c518000 rw-p 00000000 00:00 0 
7f854c518000-7f854c51b000 ---p 00000000 00:00 0 
7f854c51b000-7f854c619000 rw-p 00000000 00:00 0 
7f854c619000-7f854c61c000 ---p 00000000 00:00 0 
7f854c61c000-7f854c71a000 rw-p 00000000 00:00 0 
7f854c71a000-7f854c9f2000 r--p 00000000 08:17 22938000                   /usr/lib/locale/locale-archive
7f854c9f2000-7f854c9f5000 ---p 00000000 00:00 0 
7f854c9f5000-7f854caf3000 rw-p 00000000 00:00 0 
7f854caf3000-7f854caf6000 ---p 00000000 00:00 0 
7f854caf6000-7f854cbf4000 rw-p 00000000 00:00 0 
7f854cbf4000-7f854cbf5000 ---p 00000000 00:00 0 
7f854cbf5000-7f8550000000 rw-p 00000000 00:00 0 
7f8550000000-7f8550021000 rw-p 00000000 00:00 0 
7f8550021000-7f8554000000 ---p 00000000 00:00 0 
7f8554000000-7f8554021000 rw-p 00000000 00:00 0 
7f8554021000-7f8558000000 ---p 00000000 00:00 0 
7f8558000000-7f8558021000 rw-p 00000000 00:00 0 
7f8558021000-7f855c000000 ---p 00000000 00:00 0 
7f855c0fb000-7f855d000000 rw-p 00000000 00:00 0 
7f855d000000-7f855d270000 rwxp 00000000 00:00 0 
7f855d270000-7f8560368000 rw-p 00000000 00:00 0 
7f8560368000-7f8564000000 ---p 00000000 00:00 0 
7f8564073000-7f856409b000 r--p 00000000 08:17 28312075                   /etc/ld.so.cache
7f856409b000-7f8564610000 rw-p 00000000 00:00 0 
7f8564610000-7f85647cc000 r--s 039d3000 08:17 26740930                   /usr/local/cuda-8.0/jre/lib/rt.jar
7f85647cc000-7f85647cd000 ---p 00000000 00:00 0 
7f85647cd000-7f85648cd000 rw-p 00000000 00:00 0 
7f85648cd000-7f85648ce000 ---p 00000000 00:00 0 
7f85648ce000-7f85649ce000 rw-p 00000000 00:00 0 
7f85649ce000-7f85649cf000 ---p 00000000 00:00 0 
7f85649cf000-7f8564acf000 rw-p 00000000 00:00 0 
7f8564acf000-7f8564ad0000 ---p 00000000 00:00 0 
7f8564ad0000-7f8564bd0000 rw-p 00000000 00:00 0 
7f8564bd0000-7f8564bd1000 ---p 00000000 00:00 0 
7f8564bd1000-7f8564cd1000 rw-p 00000000 00:00 0 
7f8564cd1000-7f8564cd2000 ---p 00000000 00:00 0 
7f8564cd2000-7f8564ddd000 rw-p 00000000 00:00 0 
7f8564ddd000-7f8564e52000 rw-p 00000000 00:00 0 
7f8564e52000-7f8564e6d000 rw-p 00000000 00:00 0 
7f8564e6d000-7f8564fa8000 rw-p 00000000 00:00 0 
7f8564fa8000-7f8564fb3000 rw-p 00000000 00:00 0 
7f8564fb3000-7f8565028000 rw-p 00000000 00:00 0 
7f8565028000-7f8565043000 rw-p 00000000 00:00 0 
7f8565043000-7f856517d000 rw-p 00000000 00:00 0 
7f856517d000-7f856518b000 rw-p 00000000 00:00 0 
7f856518b000-7f8565228000 rw-p 00000000 00:00 0 
7f8565228000-7f8565229000 rw-p 00000000 00:00 0 
7f8565229000-7f8565243000 r-xp 00000000 08:17 26741939                   /usr/local/cuda-8.0/jre/lib/amd64/libzip.so
7f8565243000-7f8565443000 ---p 0001a000 08:17 26741939                   /usr/local/cuda-8.0/jre/lib/amd64/libzip.so
7f8565443000-7f8565444000 rw-p 0001a000 08:17 26741939                   /usr/local/cuda-8.0/jre/lib/amd64/libzip.so
7f8565444000-7f856544f000 r-xp 00000000 08:17 18353428                   /lib/x86_64-linux-gnu/libnss_files-2.23.so
7f856544f000-7f856564e000 ---p 0000b000 08:17 18353428                   /lib/x86_64-linux-gnu/libnss_files-2.23.so
7f856564e000-7f856564f000 r--p 0000a000 08:17 18353428                   /lib/x86_64-linux-gnu/libnss_files-2.23.so
7f856564f000-7f8565650000 rw-p 0000b000 08:17 18353428                   /lib/x86_64-linux-gnu/libnss_files-2.23.so
7f8565650000-7f8565656000 rw-p 00000000 00:00 0 
7f8565656000-7f8565661000 r-xp 00000000 08:17 18353425                   /lib/x86_64-linux-gnu/libnss_nis-2.23.so
7f8565661000-7f8565860000 ---p 0000b000 08:17 18353425                   /lib/x86_64-linux-gnu/libnss_nis-2.23.so
7f8565860000-7f8565861000 r--p 0000a000 08:17 18353425                   /lib/x86_64-linux-gnu/libnss_nis-2.23.so
7f8565861000-7f8565862000 rw-p 0000b000 08:17 18353425                   /lib/x86_64-linux-gnu/libnss_nis-2.23.so
7f8565862000-7f8565878000 r-xp 00000000 08:17 18353411                   /lib/x86_64-linux-gnu/libnsl-2.23.so
7f8565878000-7f8565a77000 ---p 00016000 08:17 18353411                   /lib/x86_64-linux-gnu/libnsl-2.23.so
7f8565a77000-7f8565a78000 r--p 00015000 08:17 18353411                   /lib/x86_64-linux-gnu/libnsl-2.23.so
7f8565a78000-7f8565a79000 rw-p 00016000 08:17 18353411                   /lib/x86_64-linux-gnu/libnsl-2.23.so
7f8565a79000-7f8565a7b000 rw-p 00000000 00:00 0 
7f8565a7b000-7f8565a83000 r-xp 00000000 08:17 18350929                   /lib/x86_64-linux-gnu/libnss_compat-2.23.so
7f8565a83000-7f8565c82000 ---p 00008000 08:17 18350929                   /lib/x86_64-linux-gnu/libnss_compat-2.23.so
7f8565c82000-7f8565c83000 r--p 00007000 08:17 18350929                   /lib/x86_64-linux-gnu/libnss_compat-2.23.so
7f8565c83000-7f8565c84000 rw-p 00008000 08:17 18350929                   /lib/x86_64-linux-gnu/libnss_compat-2.23.so
7f8565c84000-7f8565cad000 r-xp 00000000 08:17 26741964                   /usr/local/cuda-8.0/jre/lib/amd64/libjava.so
7f8565cad000-7f8565ead000 ---p 00029000 08:17 26741964                   /usr/local/cuda-8.0/jre/lib/amd64/libjava.so
7f8565ead000-7f8565eaf000 rw-p 00029000 08:17 26741964                   /usr/local/cuda-8.0/jre/lib/amd64/libjava.so
7f8565eaf000-7f8565ebc000 r-xp 00000000 08:17 26741940                   /usr/local/cuda-8.0/jre/lib/amd64/libverify.so
7f8565ebc000-7f85660bb000 ---p 0000d000 08:17 26741940                   /usr/local/cuda-8.0/jre/lib/amd64/libverify.so
7f85660bb000-7f85660bd000 rw-p 0000c000 08:17 26741940                   /usr/local/cuda-8.0/jre/lib/amd64/libverify.so
7f85660bd000-7f85660c4000 r-xp 00000000 08:17 18353437                   /lib/x86_64-linux-gnu/librt-2.23.so
7f85660c4000-7f85662c3000 ---p 00007000 08:17 18353437                   /lib/x86_64-linux-gnu/librt-2.23.so
7f85662c3000-7f85662c4000 r--p 00006000 08:17 18353437                   /lib/x86_64-linux-gnu/librt-2.23.so
7f85662c4000-7f85662c5000 rw-p 00007000 08:17 18353437                   /lib/x86_64-linux-gnu/librt-2.23.so
7f85662c5000-7f85663cd000 r-xp 00000000 08:17 18353434                   /lib/x86_64-linux-gnu/libm-2.23.so
7f85663cd000-7f85665cc000 ---p 00108000 08:17 18353434                   /lib/x86_64-linux-gnu/libm-2.23.so
7f85665cc000-7f85665cd000 r--p 00107000 08:17 18353434                   /lib/x86_64-linux-gnu/libm-2.23.so
7f85665cd000-7f85665ce000 rw-p 00108000 08:17 18353434                   /lib/x86_64-linux-gnu/libm-2.23.so
7f85665ce000-7f8567015000 r-xp 00000000 08:17 26872072                   /usr/local/cuda-8.0/jre/lib/amd64/server/libjvm.so
7f8567015000-7f8567214000 ---p 00a47000 08:17 26872072                   /usr/local/cuda-8.0/jre/lib/amd64/server/libjvm.so
7f8567214000-7f85672b7000 rw-p 00a46000 08:17 26872072                   /usr/local/cuda-8.0/jre/lib/amd64/server/libjvm.so
7f85672b7000-7f85672f3000 rw-p 00000000 00:00 0 
7f85672f3000-7f85674b3000 r-xp 00000000 08:17 18353443                   /lib/x86_64-linux-gnu/libc-2.23.so
7f85674b3000-7f85676b2000 ---p 001c0000 08:17 18353443                   /lib/x86_64-linux-gnu/libc-2.23.so
7f85676b2000-7f85676b6000 r--p 001bf000 08:17 18353443                   /lib/x86_64-linux-gnu/libc-2.23.so
7f85676b6000-7f85676b8000 rw-p 001c3000 08:17 18353443                   /lib/x86_64-linux-gnu/libc-2.23.so
7f85676b8000-7f85676bc000 rw-p 00000000 00:00 0 
7f85676bc000-7f85676bf000 r-xp 00000000 08:17 18353446                   /lib/x86_64-linux-gnu/libdl-2.23.so
7f85676bf000-7f85678be000 ---p 00003000 08:17 18353446                   /lib/x86_64-linux-gnu/libdl-2.23.so
7f85678be000-7f85678bf000 r--p 00002000 08:17 18353446                   /lib/x86_64-linux-gnu/libdl-2.23.so
7f85678bf000-7f85678c0000 rw-p 00003000 08:17 18353446                   /lib/x86_64-linux-gnu/libdl-2.23.so
7f85678c0000-7f85678d6000 r-xp 00000000 08:17 26872076                   /usr/local/cuda-8.0/jre/lib/amd64/jli/libjli.so
7f85678d6000-7f8567ad5000 ---p 00016000 08:17 26872076                   /usr/local/cuda-8.0/jre/lib/amd64/jli/libjli.so
7f8567ad5000-7f8567ad6000 rw-p 00015000 08:17 26872076                   /usr/local/cuda-8.0/jre/lib/amd64/jli/libjli.so
7f8567ad6000-7f8567aee000 r-xp 00000000 08:17 18353441                   /lib/x86_64-linux-gnu/libpthread-2.23.so
7f8567aee000-7f8567ced000 ---p 00018000 08:17 18353441                   /lib/x86_64-linux-gnu/libpthread-2.23.so
7f8567ced000-7f8567cee000 r--p 00017000 08:17 18353441                   /lib/x86_64-linux-gnu/libpthread-2.23.so
7f8567cee000-7f8567cef000 rw-p 00018000 08:17 18353441                   /lib/x86_64-linux-gnu/libpthread-2.23.so
7f8567cef000-7f8567cf3000 rw-p 00000000 00:00 0 
7f8567cf3000-7f8567d19000 r-xp 00000000 08:17 18353438                   /lib/x86_64-linux-gnu/ld-2.23.so
7f8567d29000-7f8567d33000 rw-p 00000000 00:00 0 
7f8567d33000-7f8567de9000 rw-p 00000000 00:00 0 
7f8567de9000-7f8567dec000 ---p 00000000 00:00 0 
7f8567dec000-7f8567eee000 rw-p 00000000 00:00 0 
7f8567f01000-7f8567f03000 r--s 0009b000 08:17 22951469                   /usr/local/cuda-8.0/libnsight/plugins/com.nvidia.cuda.ide_8.0.0.201605080610.jar
7f8567f03000-7f8567f06000 r--s 00039000 08:17 22951650                   /usr/local/cuda-8.0/libnsight/plugins/org.eclipse.osgi.compatibility.state_1.0.1.v20140709-1414.jar
7f8567f06000-7f8567f0a000 r--s 00089000 08:17 26741981                   /usr/local/cuda-8.0/jre/lib/jsse.jar
7f8567f0a000-7f8567f0c000 r--s 0000b000 08:17 22951435                   /usr/local/cuda-8.0/libnsight/plugins/org.eclipse.equinox.launcher_1.3.0.v20140415-2008.jar
7f8567f0c000-7f8567f14000 rw-s 00000000 08:17 5377646                    /tmp/hsperfdata_liangxu/10735
7f8567f14000-7f8567f15000 rw-p 00000000 00:00 0 
7f8567f15000-7f8567f16000 r--p 00000000 00:00 0 
7f8567f16000-7f8567f18000 rw-p 00000000 00:00 0 
7f8567f18000-7f8567f19000 r--p 00025000 08:17 18353438                   /lib/x86_64-linux-gnu/ld-2.23.so
7f8567f19000-7f8567f1a000 rw-p 00026000 08:17 18353438                   /lib/x86_64-linux-gnu/ld-2.23.so
7f8567f1a000-7f8567f1b000 rw-p 00000000 00:00 0 
7ffc8e442000-7ffc8e464000 rw-p 00000000 00:00 0                          [stack]
7ffc8e55a000-7ffc8e55c000 r--p 00000000 00:00 0                          [vvar]
7ffc8e55c000-7ffc8e55e000 r-xp 00000000 00:00 0                          [vdso]
ffffffffff600000-ffffffffff601000 r-xp 00000000 00:00 0                  [vsyscall]

VM Arguments:
jvm_args: -Xms80m -Xmx1G -XX:MaxPermSize=256m -XX:CompileCommand=exclude,java/lang/reflect/Array,newInstance -Dosgi.requiredJavaVersion=1.6 
java_command: /usr/local/cuda-8.0/libnsight//plugins/org.eclipse.equinox.launcher_1.3.0.v20140415-2008.jar -os linux -ws gtk -arch x86_64 -showsplash -launcher /usr/local/cuda-8.0/libnsight/nsight -name Nsight --launcher.library /usr/local/cuda-8.0/libnsight//plugins/org.eclipse.equinox.launcher.gtk.linux.x86_64_1.1.200.v20140603-1326/eclipse_1605.so -startup /usr/local/cuda-8.0/libnsight//plugins/org.eclipse.equinox.launcher_1.3.0.v20140415-2008.jar --launcher.overrideVmargs -exitdata bd8028 -vm /usr/local/cuda-8.0/libnsight//../jre/bin/java -vmargs -Xms80m -Xmx1G -XX:MaxPermSize=256m -XX:CompileCommand=exclude,java/lang/reflect/Array,newInstance -Dosgi.requiredJavaVersion=1.6 -jar /usr/local/cuda-8.0/libnsight//plugins/org.eclipse.equinox.launcher_1.3.0.v20140415-2008.jar
Launcher Type: SUN_STANDARD

Environment Variables:
PATH=/usr/local/cuda/bin:/usr/local/sbin:/usr/local/bin:/usr/sbin:/usr/bin:/sbin:/bin:/usr/games:/usr/local/games:/usr/local/cuda/bin
LD_LIBRARY_PATH=/usr/local/cuda/lib64:/usr/local/cuda/bin/../lib:/usr/local/cuda/bin/../lib64
SHELL=/bin/bash
DISPLAY=:0

Signal Handlers:
SIGSEGV: [libjvm.so+0x8a5a80], sa_mask[0]=0x7ffbfeff, sa_flags=0x10000004
SIGBUS: [libjvm.so+0x8a5a80], sa_mask[0]=0x7ffbfeff, sa_flags=0x10000004
SIGFPE: [libjvm.so+0x741b60], sa_mask[0]=0x7ffbfeff, sa_flags=0x10000004
SIGPIPE: [libjvm.so+0x741b60], sa_mask[0]=0x7ffbfeff, sa_flags=0x10000004
SIGXFSZ: [libjvm.so+0x741b60], sa_mask[0]=0x7ffbfeff, sa_flags=0x10000004
SIGILL: [libjvm.so+0x741b60], sa_mask[0]=0x7ffbfeff, sa_flags=0x10000004
SIGUSR1: SIG_DFL, sa_mask[0]=0x00000000, sa_flags=0x00000000
SIGUSR2: [libjvm.so+0x7414b0], sa_mask[0]=0x00000000, sa_flags=0x10000004
SIGHUP: [libjvm.so+0x743840], sa_mask[0]=0x7ffbfeff, sa_flags=0x10000004
SIGINT: [libjvm.so+0x743840], sa_mask[0]=0x7ffbfeff, sa_flags=0x10000004
SIGTERM: [libjvm.so+0x743840], sa_mask[0]=0x7ffbfeff, sa_flags=0x10000004
SIGQUIT: [libjvm.so+0x743840], sa_mask[0]=0x7ffbfeff, sa_flags=0x10000004


---------------  S Y S T E M  ---------------

OS:stretch/sid

uname:Linux 3.19.0-69-generic #77~14.04.1-Ubuntu SMP Tue Aug 30 01:29:21 UTC 2016 x86_64
libc:glibc 2.23 NPTL 2.23 
rlimit: STACK 8192k, CORE 0k, NPROC 128319, NOFILE 4096, AS infinity
load average:0.74 0.87 1.12

/proc/meminfo:
MemTotal:       32871204 kB
MemFree:        13073012 kB
MemAvailable:   25367648 kB
Buffers:          382044 kB
Cached:         11994260 kB
SwapCached:            0 kB
Active:          9691108 kB
Inactive:        6878412 kB
Active(anon):    4203796 kB
Inactive(anon):   424440 kB
Active(file):    5487312 kB
Inactive(file):  6453972 kB
Unevictable:        1812 kB
Mlocked:            1812 kB
SwapTotal:       1998844 kB
SwapFree:        1998844 kB
Dirty:              4800 kB
Writeback:             0 kB
AnonPages:       4195156 kB
Mapped:          3201724 kB
Shmem:            435024 kB
Slab:             688104 kB
SReclaimable:     606768 kB
SUnreclaim:        81336 kB
KernelStack:       15632 kB
PageTables:        71428 kB
NFS_Unstable:          0 kB
Bounce:                0 kB
WritebackTmp:          0 kB
CommitLimit:    18434444 kB
Committed_AS:   15034488 kB
VmallocTotal:   34359738367 kB
VmallocUsed:      366592 kB
VmallocChunk:   34359367772 kB
HardwareCorrupted:     0 kB
AnonHugePages:   1095680 kB
CmaTotal:              0 kB
CmaFree:               0 kB
HugePages_Total:       0
HugePages_Free:        0
HugePages_Rsvd:        0
HugePages_Surp:        0
Hugepagesize:       2048 kB
DirectMap4k:      803524 kB
DirectMap2M:    17993728 kB
DirectMap1G:    14680064 kB


CPU:total 6 (6 cores per cpu, 1 threads per core) family 6 model 63 stepping 2, cmov, cx8, fxsr, mmx, sse, sse2, sse3, ssse3, sse4.1, sse4.2, popcnt, avx, avx2, tsc, tscinvbit

/proc/cpuinfo:
processor	: 0
vendor_id	: GenuineIntel
cpu family	: 6
model		: 63
model name	: Intel(R) Xeon(R) CPU E5-2603 v3 @ 1.60GHz
stepping	: 2
microcode	: 0x36
cpu MHz		: 1204.875
cache size	: 15360 KB
physical id	: 0
siblings	: 6
core id		: 0
cpu cores	: 6
apicid		: 0
initial apicid	: 0
fpu		: yes
fpu_exception	: yes
cpuid level	: 15
wp		: yes
flags		: fpu vme de pse tsc msr pae mce cx8 apic sep mtrr pge mca cmov pat pse36 clflush dts acpi mmx fxsr sse sse2 ss ht tm pbe syscall nx pdpe1gb rdtscp lm constant_tsc arch_perfmon pebs bts rep_good nopl xtopology nonstop_tsc aperfmperf eagerfpu pni pclmulqdq dtes64 monitor ds_cpl vmx smx est tm2 ssse3 fma cx16 xtpr pdcm pcid dca sse4_1 sse4_2 x2apic movbe popcnt tsc_deadline_timer aes xsave avx f16c rdrand lahf_lm abm arat epb pln pts dtherm tpr_shadow vnmi flexpriority ept vpid fsgsbase tsc_adjust bmi1 avx2 smep bmi2 erms invpcid xsaveopt
bugs		:
bogomips	: 3192.71
clflush size	: 64
cache_alignment	: 64
address sizes	: 46 bits physical, 48 bits virtual
power management:

processor	: 1
vendor_id	: GenuineIntel
cpu family	: 6
model		: 63
model name	: Intel(R) Xeon(R) CPU E5-2603 v3 @ 1.60GHz
stepping	: 2
microcode	: 0x36
cpu MHz		: 1397.187
cache size	: 15360 KB
physical id	: 0
siblings	: 6
core id		: 1
cpu cores	: 6
apicid		: 2
initial apicid	: 2
fpu		: yes
fpu_exception	: yes
cpuid level	: 15
wp		: yes
flags		: fpu vme de pse tsc msr pae mce cx8 apic sep mtrr pge mca cmov pat pse36 clflush dts acpi mmx fxsr sse sse2 ss ht tm pbe syscall nx pdpe1gb rdtscp lm constant_tsc arch_perfmon pebs bts rep_good nopl xtopology nonstop_tsc aperfmperf eagerfpu pni pclmulqdq dtes64 monitor ds_cpl vmx smx est tm2 ssse3 fma cx16 xtpr pdcm pcid dca sse4_1 sse4_2 x2apic movbe popcnt tsc_deadline_timer aes xsave avx f16c rdrand lahf_lm abm arat epb pln pts dtherm tpr_shadow vnmi flexpriority ept vpid fsgsbase tsc_adjust bmi1 avx2 smep bmi2 erms invpcid xsaveopt
bugs		:
bogomips	: 3192.71
clflush size	: 64
cache_alignment	: 64
address sizes	: 46 bits physical, 48 bits virtual
power management:

processor	: 2
vendor_id	: GenuineIntel
cpu family	: 6
model		: 63
model name	: Intel(R) Xeon(R) CPU E5-2603 v3 @ 1.60GHz
stepping	: 2
microcode	: 0x36
cpu MHz		: 1600.000
cache size	: 15360 KB
physical id	: 0
siblings	: 6
core id		: 2
cpu cores	: 6
apicid		: 4
initial apicid	: 4
fpu		: yes
fpu_exception	: yes
cpuid level	: 15
wp		: yes
flags		: fpu vme de pse tsc msr pae mce cx8 apic sep mtrr pge mca cmov pat pse36 clflush dts acpi mmx fxsr sse sse2 ss ht tm pbe syscall nx pdpe1gb rdtscp lm constant_tsc arch_perfmon pebs bts rep_good nopl xtopology nonstop_tsc aperfmperf eagerfpu pni pclmulqdq dtes64 monitor ds_cpl vmx smx est tm2 ssse3 fma cx16 xtpr pdcm pcid dca sse4_1 sse4_2 x2apic movbe popcnt tsc_deadline_timer aes xsave avx f16c rdrand lahf_lm abm arat epb pln pts dtherm tpr_shadow vnmi flexpriority ept vpid fsgsbase tsc_adjust bmi1 avx2 smep bmi2 erms invpcid xsaveopt
bugs		:
bogomips	: 3192.71
clflush size	: 64
cache_alignment	: 64
address sizes	: 46 bits physical, 48 bits virtual
power management:

processor	: 3
vendor_id	: GenuineIntel
cpu family	: 6
model		: 63
model name	: Intel(R) Xeon(R) CPU E5-2603 v3 @ 1.60GHz
stepping	: 2
microcode	: 0x36
cpu MHz		: 1600.000
cache size	: 15360 KB
physical id	: 0
siblings	: 6
core id		: 3
cpu cores	: 6
apicid		: 6
initial apicid	: 6
fpu		: yes
fpu_exception	: yes
cpuid level	: 15
wp		: yes
flags		: fpu vme de pse tsc msr pae mce cx8 apic sep mtrr pge mca cmov pat pse36 clflush dts acpi mmx fxsr sse sse2 ss ht tm pbe syscall nx pdpe1gb rdtscp lm constant_tsc arch_perfmon pebs bts rep_good nopl xtopology nonstop_tsc aperfmperf eagerfpu pni pclmulqdq dtes64 monitor ds_cpl vmx smx est tm2 ssse3 fma cx16 xtpr pdcm pcid dca sse4_1 sse4_2 x2apic movbe popcnt tsc_deadline_timer aes xsave avx f16c rdrand lahf_lm abm arat epb pln pts dtherm tpr_shadow vnmi flexpriority ept vpid fsgsbase tsc_adjust bmi1 avx2 smep bmi2 erms invpcid xsaveopt
bugs		:
bogomips	: 3192.71
clflush size	: 64
cache_alignment	: 64
address sizes	: 46 bits physical, 48 bits virtual
power management:

processor	: 4
vendor_id	: GenuineIntel
cpu family	: 6
model		: 63
model name	: Intel(R) Xeon(R) CPU E5-2603 v3 @ 1.60GHz
stepping	: 2
microcode	: 0x36
cpu MHz		: 1500.187
cache size	: 15360 KB
physical id	: 0
siblings	: 6
core id		: 4
cpu cores	: 6
apicid		: 8
initial apicid	: 8
fpu		: yes
fpu_exception	: yes
cpuid level	: 15
wp		: yes
flags		: fpu vme de pse tsc msr pae mce cx8 apic sep mtrr pge mca cmov pat pse36 clflush dts acpi mmx fxsr sse sse2 ss ht tm pbe syscall nx pdpe1gb rdtscp lm constant_tsc arch_perfmon pebs bts rep_good nopl xtopology nonstop_tsc aperfmperf eagerfpu pni pclmulqdq dtes64 monitor ds_cpl vmx smx est tm2 ssse3 fma cx16 xtpr pdcm pcid dca sse4_1 sse4_2 x2apic movbe popcnt tsc_deadline_timer aes xsave avx f16c rdrand lahf_lm abm arat epb pln pts dtherm tpr_shadow vnmi flexpriority ept vpid fsgsbase tsc_adjust bmi1 avx2 smep bmi2 erms invpcid xsaveopt
bugs		:
bogomips	: 3192.71
clflush size	: 64
cache_alignment	: 64
address sizes	: 46 bits physical, 48 bits virtual
power management:

processor	: 5
vendor_id	: GenuineIntel
cpu family	: 6
model		: 63
model name	: Intel(R) Xeon(R) CPU E5-2603 v3 @ 1.60GHz
stepping	: 2
microcode	: 0x36
cpu MHz		: 1599.937
cache size	: 15360 KB
physical id	: 0
siblings	: 6
core id		: 5
cpu cores	: 6
apicid		: 10
initial apicid	: 10
fpu		: yes
fpu_exception	: yes
cpuid level	: 15
wp		: yes
flags		: fpu vme de pse tsc msr pae mce cx8 apic sep mtrr pge mca cmov pat pse36 clflush dts acpi mmx fxsr sse sse2 ss ht tm pbe syscall nx pdpe1gb rdtscp lm constant_tsc arch_perfmon pebs bts rep_good nopl xtopology nonstop_tsc aperfmperf eagerfpu pni pclmulqdq dtes64 monitor ds_cpl vmx smx est tm2 ssse3 fma cx16 xtpr pdcm pcid dca sse4_1 sse4_2 x2apic movbe popcnt tsc_deadline_timer aes xsave avx f16c rdrand lahf_lm abm arat epb pln pts dtherm tpr_shadow vnmi flexpriority ept vpid fsgsbase tsc_adjust bmi1 avx2 smep bmi2 erms invpcid xsaveopt
bugs		:
bogomips	: 3192.71
clflush size	: 64
cache_alignment	: 64
address sizes	: 46 bits physical, 48 bits virtual
power management:



Memory: 4k page, physical 32871204k(13073012k free), swap 1998844k(1998844k free)

vm_info: Java HotSpot(TM) 64-Bit Server VM (23.3-b01) for linux-amd64 JRE (1.7.0_07-b10), built on Aug 28 2012 17:44:05 by "java_re" with gcc 4.3.0 20080428 (Red Hat 4.3.0-8)

time: Thu Sep 22 16:47:29 2016
elapsed time: 0 seconds

